=========================
Fcitx 5.0.4 -- Get Signal No.: 11
Date: try "date -d @1611648093" if you are using GNU date ***
ProcessID: 674708
/usr/bin/fcitx5(+0xd22e)[0x5648d873d22e]
/usr/lib/libc.so.6(+0x3d6a0)[0x7f38b31d46a0]
/usr/lib/libstdc++.so.6(_ZNKSt7__cxx1112basic_stringIcSt11char_traitsIcESaIcEE4findEcm+0x12)[0x7f38b34bbee2]
/usr/lib/librime.so.1(_ZN4rime8Language22get_language_componentERKNSt7__cxx1112basic_stringIcSt11char_traitsIcESaIcEEE+0x30)[0x7f38b14490c0]
/usr/lib/librime.so.1(_ZN4rime6MemoryC2ERKNS_6TicketE+0x929)[0x7f38b1504789]
/usr/lib/librime.so.1(_ZN4rime16ScriptTranslatorC2ERKNS_6TicketE+0x6e)[0x7f38b151c78e]
/usr/lib/librime.so.1(_ZN4rime9ComponentINS_16ScriptTranslatorEE6CreateERKNS_6TicketE+0x24)[0x7f38b14fcde4]
/usr/lib/librime.so.1(_ZN4rime14ConcreteEngine20InitializeComponentsEv+0x7f4)[0x7f38b143aba4]
/usr/lib/librime.so.1(_ZN4rime14ConcreteEngineC2Ev+0x6b7)[0x7f38b143d1c7]
/usr/lib/librime.so.1(_ZN4rime6Engine6CreateEv+0x1e)[0x7f38b143d27e]
/usr/lib/librime.so.1(_ZN4rime7SessionC2Ev+0x50)[0x7f38b1453010]
/usr/lib/librime.so.1(_ZN4rime7Service13CreateSessionEv+0x99)[0x7f38b1453879]
/usr/lib/fcitx5/rime.so(+0x8d76)[0x7f38b20d3d76]
/usr/lib/fcitx5/rime.so(+0xad61)[0x7f38b20d5d61]
/usr/lib/libFcitx5Core.so.7(+0x6bde6)[0x7f38b36d6de6]
/usr/lib/libFcitx5Core.so.7(_ZN5fcitx12InputContextC2ERNS_19InputContextManagerERKNSt7__cxx1112basic_stringIcSt11char_traitsIcESaIcEEE+0x224)[0x7f38b36d9ff4]
/usr/lib/fcitx5/dbusfrontend.so(+0xa511)[0x7f38b2321511]
/usr/lib/fcitx5/dbusfrontend.so(+0x770f)[0x7f38b231e70f]
/usr/lib/fcitx5/dbusfrontend.so(+0x10dc4)[0x7f38b2327dc4]
/usr/lib/fcitx5/dbusfrontend.so(+0x14bf1)[0x7f38b232bbf1]
/usr/lib/libFcitx5Utils.so.2(+0x35a9d)[0x7f38b35d0a9d]
/usr/lib/libsystemd.so.0(+0x30bbb)[0x7f38b3099bbb]
/usr/lib/libsystemd.so.0(+0x47a24)[0x7f38b30b0a24]
/usr/lib/libsystemd.so.0(+0x48004)[0x7f38b30b1004]
/usr/lib/libsystemd.so.0(+0x665ce)[0x7f38b30cf5ce]
/usr/lib/libsystemd.so.0(sd_event_dispatch+0x16e)[0x7f38b30cf99e]
/usr/lib/libsystemd.so.0(sd_event_run+0x99)[0x7f38b30d0bc9]
/usr/lib/libsystemd.so.0(sd_event_loop+0x58)[0x7f38b30d0de8]
/usr/lib/libFcitx5Utils.so.2(_ZN5fcitx9EventLoop4execEv+0x12)[0x7f38b35d20b2]
/usr/lib/libFcitx5Core.so.7(_ZN5fcitx8Instance4execEv+0x57)[0x7f38b36b05c7]
/usr/bin/fcitx5(+0xbef2)[0x5648d873bef2]
/usr/lib/libc.so.6(__libc_start_main+0xf2)[0x7f38b31bf152]
